app/build/intermediates/manifest_merge_blame_file/debug/manifest-merger-blame-debug-report.txt
1<?xml version="1.0" encoding="utf-8"?>
2<manifest xmlns:android="http://schemas.android.com/apk/res/android"
3    package="com.splitr.app"
4    android:versionCode="1"
5    android:versionName="1.0" >
6
7    <uses-sdk
8        android:minSdkVersion="26"
9        android:targetSdkVersion="34" />
10
11    <uses-permission android:name="android.permission.INTERNET" />
11-->src\main\AndroidManifest.xml:5:5-67
11-->src\main\AndroidManifest.xml:5:22-64
12    <uses-permission android:name="android.permission.ACCESS_FINE_LOCATION" />
12-->src\main\AndroidManifest.xml:6:5-79
12-->src\main\AndroidManifest.xml:6:22-76
13    <uses-permission android:name="android.permission.ACCESS_COARSE_LOCATION" />
13-->src\main\AndroidManifest.xml:7:5-81
13-->src\main\AndroidManifest.xml:7:22-78
14
15    <!-- Include required permissions for Google Maps API to run. -->
16    <uses-permission android:name="android.permission.ACCESS_NETWORK_STATE" />
16-->[com.google.android.gms:play-services-maps:18.2.0] AndroidManifest.xml:23:5-79
16-->[com.google.android.gms:play-services-maps:18.2.0] AndroidManifest.xml:23:22-76
17
18    <uses-feature
18-->[com.google.android.gms:play-services-maps:18.2.0] AndroidManifest.xml:26:5-28:35
19        android:glEsVersion="0x00020000"
19-->[com.google.android.gms:play-services-maps:18.2.0] AndroidManifest.xml:27:9-41
20        android:required="true" />
20-->[com.google.android.gms:play-services-maps:18.2.0] AndroidManifest.xml:28:9-32
21
22    <queries>
22-->[com.google.android.gms:play-services-maps:18.2.0] AndroidManifest.xml:30:5-34:15
23
24        <!-- Needs to be explicitly declared on Android R+ -->
25        <package android:name="com.google.android.apps.maps" />
25-->[com.google.android.gms:play-services-maps:18.2.0] AndroidManifest.xml:33:9-64
25-->[com.google.android.gms:play-services-maps:18.2.0] AndroidManifest.xml:33:18-61
26    </queries>
27
28    <permission
28-->[androidx.core:core:1.9.0] AndroidManifest.xml:22:5-24:47
29        android:name="com.splitr.app.DYNAMIC_RECEIVER_NOT_EXPORTED_PERMISSION"
29-->[androidx.core:core:1.9.0] AndroidManifest.xml:23:9-81
30        android:protectionLevel="signature" />
30-->[androidx.core:core:1.9.0] AndroidManifest.xml:24:9-44
31
32    <uses-permission android:name="com.splitr.app.DYNAMIC_RECEIVER_NOT_EXPORTED_PERMISSION" />
32-->[androidx.core:core:1.9.0] AndroidManifest.xml:26:5-97
32-->[androidx.core:core:1.9.0] AndroidManifest.xml:26:22-94
33
34    <application
34-->src\main\AndroidManifest.xml:9:5-41:19
35        android:allowBackup="true"
35-->src\main\AndroidManifest.xml:10:9-35
36        android:appComponentFactory="androidx.core.app.CoreComponentFactory"
36-->[androidx.core:core:1.9.0] AndroidManifest.xml:28:18-86
37        android:debuggable="true"
38        android:extractNativeLibs="false"
39        android:label="@string/app_name"
39-->src\main\AndroidManifest.xml:11:9-41
40        android:supportsRtl="true"
40-->src\main\AndroidManifest.xml:12:9-35
41        android:testOnly="true"
42        android:theme="@style/Theme.Splitr"
42-->src\main\AndroidManifest.xml:13:9-44
43        android:usesCleartextTraffic="true" >
43-->src\main\AndroidManifest.xml:14:9-44
44
45        <!-- Replace YOUR_MAPS_API_KEY with your actual Google Maps API key -->
46        <meta-data
46-->src\main\AndroidManifest.xml:17:9-19:71
47            android:name="com.google.android.geo.API_KEY"
47-->src\main\AndroidManifest.xml:18:13-58
48            android:value="AIzaSyBd3gQ7AzQpYQQDvpGYNuD-ux-pTJr1Qlo" />
48-->src\main\AndroidManifest.xml:19:13-68
49
50        <activity
50-->src\main\AndroidManifest.xml:21:9-29:20
51            android:name="com.splitr.app.activities.LoginActivity"
51-->src\main\AndroidManifest.xml:22:13-53
52            android:exported="true"
52-->src\main\AndroidManifest.xml:23:13-36
53            android:windowSoftInputMode="adjustResize" >
53-->src\main\AndroidManifest.xml:24:13-55
54            <intent-filter>
54-->src\main\AndroidManifest.xml:25:13-28:29
55                <action android:name="android.intent.action.MAIN" />
55-->src\main\AndroidManifest.xml:26:17-69
55-->src\main\AndroidManifest.xml:26:25-66
56
57                <category android:name="android.intent.category.LAUNCHER" />
57-->src\main\AndroidManifest.xml:27:17-77
57-->src\main\AndroidManifest.xml:27:27-74
58            </intent-filter>
59        </activity>
60        <activity
60-->src\main\AndroidManifest.xml:31:9-32:40
61            android:name="com.splitr.app.activities.DashboardActivity"
61-->src\main\AndroidManifest.xml:31:19-63
62            android:exported="false" />
62-->src\main\AndroidManifest.xml:32:13-37
63        <activity
63-->src\main\AndroidManifest.xml:33:9-34:40
64            android:name="com.splitr.app.activities.MapActivity"
64-->src\main\AndroidManifest.xml:33:19-57
65            android:exported="false" />
65-->src\main\AndroidManifest.xml:34:13-37
66        <activity
66-->src\main\AndroidManifest.xml:35:9-36:40
67            android:name="com.splitr.app.activities.GroupActivity"
67-->src\main\AndroidManifest.xml:35:19-59
68            android:exported="false" />
68-->src\main\AndroidManifest.xml:36:13-37
69        <activity
69-->src\main\AndroidManifest.xml:37:9-39:58
70            android:name="com.splitr.app.activities.AddExpenseActivity"
70-->src\main\AndroidManifest.xml:37:19-64
71            android:exported="false"
71-->src\main\AndroidManifest.xml:38:13-37
72            android:windowSoftInputMode="adjustResize" />
72-->src\main\AndroidManifest.xml:39:13-55
73
74        <!-- Needs to be explicitly declared on P+ -->
75        <uses-library
75-->[com.google.android.gms:play-services-maps:18.2.0] AndroidManifest.xml:39:9-41:40
76            android:name="org.apache.http.legacy"
76-->[com.google.android.gms:play-services-maps:18.2.0] AndroidManifest.xml:40:13-50
77            android:required="false" />
77-->[com.google.android.gms:play-services-maps:18.2.0] AndroidManifest.xml:41:13-37
78
79        <activity
79-->[com.google.android.gms:play-services-base:18.1.0] AndroidManifest.xml:20:9-22:45
80            android:name="com.google.android.gms.common.api.GoogleApiActivity"
80-->[com.google.android.gms:play-services-base:18.1.0] AndroidManifest.xml:20:19-85
81            android:exported="false"
81-->[com.google.android.gms:play-services-base:18.1.0] AndroidManifest.xml:22:19-43
82            android:theme="@android:style/Theme.Translucent.NoTitleBar" />
82-->[com.google.android.gms:play-services-base:18.1.0] AndroidManifest.xml:21:19-78
83
84        <meta-data
84-->[com.google.android.gms:play-services-basement:18.1.0] AndroidManifest.xml:21:9-23:69
85            android:name="com.google.android.gms.version"
85-->[com.google.android.gms:play-services-basement:18.1.0] AndroidManifest.xml:22:13-58
86            android:value="@integer/google_play_services_version" />
86-->[com.google.android.gms:play-services-basement:18.1.0] AndroidManifest.xml:23:13-66
87
88        <provider
88-->[androidx.emoji2:emoji2:1.2.0] AndroidManifest.xml:24:9-32:20
89            android:name="androidx.startup.InitializationProvider"
89-->[androidx.emoji2:emoji2:1.2.0] AndroidManifest.xml:25:13-67
90            android:authorities="com.splitr.app.androidx-startup"
90-->[androidx.emoji2:emoji2:1.2.0] AndroidManifest.xml:26:13-68
91            android:exported="false" >
91-->[androidx.emoji2:emoji2:1.2.0] AndroidManifest.xml:27:13-37
92            <meta-data
92-->[androidx.emoji2:emoji2:1.2.0] AndroidManifest.xml:29:13-31:52
93                android:name="androidx.emoji2.text.EmojiCompatInitializer"
93-->[androidx.emoji2:emoji2:1.2.0] AndroidManifest.xml:30:17-75
94                android:value="androidx.startup" />
94-->[androidx.emoji2:emoji2:1.2.0] AndroidManifest.xml:31:17-49
95            <meta-data
95-->[androidx.lifecycle:lifecycle-process:2.6.1] AndroidManifest.xml:29:13-31:52
96                android:name="androidx.lifecycle.ProcessLifecycleInitializer"
96-->[androidx.lifecycle:lifecycle-process:2.6.1] AndroidManifest.xml:30:17-78
97                android:value="androidx.startup" />
97-->[androidx.lifecycle:lifecycle-process:2.6.1] AndroidManifest.xml:31:17-49
98            <meta-data
98-->[androidx.profileinstaller:profileinstaller:1.3.0] AndroidManifest.xml:29:13-31:52
99                android:name="androidx.profileinstaller.ProfileInstallerInitializer"
99-->[androidx.profileinstaller:profileinstaller:1.3.0] AndroidManifest.xml:30:17-85
100                android:value="androidx.startup" />
100-->[androidx.profileinstaller:profileinstaller:1.3.0] AndroidManifest.xml:31:17-49
101        </provider>
102
103        <receiver
103-->[androidx.profileinstaller:profileinstaller:1.3.0] AndroidManifest.xml:34:9-52:20
104            android:name="androidx.profileinstaller.ProfileInstallReceiver"
104-->[androidx.profileinstaller:profileinstaller:1.3.0] AndroidManifest.xml:35:13-76
105            android:directBootAware="false"
105-->[androidx.profileinstaller:profileinstaller:1.3.0] AndroidManifest.xml:36:13-44
106            android:enabled="true"
106-->[androidx.profileinstaller:profileinstaller:1.3.0] AndroidManifest.xml:37:13-35
107            android:exported="true"
107-->[androidx.profileinstaller:profileinstaller:1.3.0] AndroidManifest.xml:38:13-36
108            android:permission="android.permission.DUMP" >
108-->[androidx.profileinstaller:profileinstaller:1.3.0] AndroidManifest.xml:39:13-57
109            <intent-filter>
109-->[androidx.profileinstaller:profileinstaller:1.3.0] AndroidManifest.xml:40:13-42:29
110                <action android:name="androidx.profileinstaller.action.INSTALL_PROFILE" />
110-->[androidx.profileinstaller:profileinstaller:1.3.0] AndroidManifest.xml:41:17-91
110-->[androidx.profileinstaller:profileinstaller:1.3.0] AndroidManifest.xml:41:25-88
111            </intent-filter>
112            <intent-filter>
112-->[androidx.profileinstaller:profileinstaller:1.3.0] AndroidManifest.xml:43:13-45:29
113                <action android:name="androidx.profileinstaller.action.SKIP_FILE" />
113-->[androidx.profileinstaller:profileinstaller:1.3.0] AndroidManifest.xml:44:17-85
113-->[androidx.profileinstaller:profileinstaller:1.3.0] AndroidManifest.xml:44:25-82
114            </intent-filter>
115            <intent-filter>
115-->[androidx.profileinstaller:profileinstaller:1.3.0] AndroidManifest.xml:46:13-48:29
116                <action android:name="androidx.profileinstaller.action.SAVE_PROFILE" />
116-->[androidx.profileinstaller:profileinstaller:1.3.0] AndroidManifest.xml:47:17-88
116-->[androidx.profileinstaller:profileinstaller:1.3.0] AndroidManifest.xml:47:25-85
117            </intent-filter>
118            <intent-filter>
118-->[androidx.profileinstaller:profileinstaller:1.3.0] AndroidManifest.xml:49:13-51:29
119                <action android:name="androidx.profileinstaller.action.BENCHMARK_OPERATION" />
119-->[androidx.profileinstaller:profileinstaller:1.3.0] AndroidManifest.xml:50:17-95
119-->[androidx.profileinstaller:profileinstaller:1.3.0] AndroidManifest.xml:50:25-92
120            </intent-filter>
121        </receiver>
122    </application>
123
124</manifest>